<?xml version="1.0" encoding="UTF-8"?>
<testng-results skipped="0" failed="0" ignored="0" total="1" passed="1">
  <reporter-output>
  </reporter-output>
  <suite name="Default suite" duration-ms="35285" started-at="2018-03-19T13:34:05Z" finished-at="2018-03-19T13:34:40Z">
    <groups>
    </groups>
    <test name="Default test" duration-ms="35285" started-at="2018-03-19T13:34:05Z" finished-at="2018-03-19T13:34:40Z">
      <class name="driverFactory.AppTest">
        <test-method status="PASS" signature="kickStart()[pri:0, instance:driverFactory.AppTest@1877ab81]" name="kickStart" duration-ms="35239" started-at="2018-03-19T19:04:05Z" finished-at="2018-03-19T19:04:40Z">
          <reporter-output>
          </reporter-output>
        </test-method> <!-- kickStart -->
      </class> <!-- driverFactory.AppTest -->
    </test> <!-- Default test -->
  </suite> <!-- Default suite -->
</testng-results>
